
BUILD 1534223519 (Tue Aug 14 13:11:59 HKT 2018)

> Running "installDist" in tgm-main-core...
:clean

BUILD SUCCESSFUL in 0s
1 actionable task: 1 executed
:compileJava
Download https://jitpack.io/com/github/tg-monitor/tgm-ipc-core/master-SNAPSHOT/maven-metadata.xml
Download https://jitpack.io/com/github/tg-monitor/tgm-corefacade/master-SNAPSHOT/maven-metadata.xml
Download https://jitpack.io/com/github/tg-monitor/tgm-backend/master-SNAPSHOT/maven-metadata.xml
Download https://jitpack.io/com/github/tg-monitor/tgm-telegram/master-SNAPSHOT/maven-metadata.xml
Download https://jitpack.io/com/github/tg-monitor/tgm-notification/master-SNAPSHOT/maven-metadata.xml
Download https://jitpack.io/com/github/tg-monitor/tgm-monitor/master-SNAPSHOT/maven-metadata.xml
Download https://jitpack.io/com/github/tg-monitor/tgm-matching/master-SNAPSHOT/maven-metadata.xml
Download https://jitpack.io/com/github/tg-monitor/tgm-servicelocator-instances/master-SNAPSHOT/maven-metadata.xml
Download https://jitpack.io/com/github/tg-monitor/tgm-ipc-api/master-SNAPSHOT/maven-metadata.xml
:processResources
:classes
:jar
:startScripts
:installDist

BUILD SUCCESSFUL in 22s
5 actionable tasks: 5 executed

> Components in tgm-main-core:
tgm-backend                   master-SNAPSHOT
tgm-corefacade                master-SNAPSHOT
tgm-entities                  0.0.2
tgm-ipc-api                   master-SNAPSHOT
tgm-ipc-core                  master-SNAPSHOT
tgm-logincodeprompt           0.0.1
tgm-main-core                 0.0.1
tgm-matching                  master-SNAPSHOT
tgm-monitor                   master-SNAPSHOT
tgm-notification              master-SNAPSHOT
tgm-servicelocator            0.0.1
tgm-servicelocator-instances  master-SNAPSHOT
tgm-telegram                  master-SNAPSHOT

> Copying tgm-main-core/build/install/tgm-main-core to bundle-core...

> Building Docker image weibeld/tg-monitor:core-0.0.1 in bundle-core...
Sending build context to Docker daemon  3.429MB
Step 1/4 : FROM weibeld/tg-monitor:base
 ---> e0c521fc96cf
Step 2/4 : WORKDIR /root
 ---> Using cache
 ---> 59ea23e5a315
Step 3/4 : COPY tgm-main-core .
 ---> c1a050185f27
Step 4/4 : CMD ./bin/tgm-main-core
 ---> Running in e50f0a7c89f6
Removing intermediate container e50f0a7c89f6
 ---> 86518b0e1f3c
Successfully built 86518b0e1f3c
Successfully tagged weibeld/tg-monitor:core-0.0.1

> Pushing Docker image weibeld/tg-monitor:core-0.0.1 to Docker Hub...
The push refers to repository [docker.io/weibeld/tg-monitor]
8d667e103575: Preparing
3950338e1e6a: Preparing
73046094a9b8: Preparing
73046094a9b8: Layer already exists
3950338e1e6a: Layer already exists
8d667e103575: Pushed
core-0.0.1: digest: sha256:98953bf6030f90457d3a0ba0c96179266c80dba8c0a978056f28e442c8f8ddbc size: 951

BUILD 1534226294 (Tue Aug 14 13:58:14 HKT 2018)

> Running "installDist" in tgm-main-core...
Starting a Gradle Daemon, 1 busy and 1 stopped Daemons could not be reused, use --status for details
:clean

BUILD SUCCESSFUL in 7s
1 actionable task: 1 executed
:compileJava
Download https://jitpack.io/com/github/tg-monitor/tgm-ipc-core/master-SNAPSHOT/maven-metadata.xml
Download https://jitpack.io/com/github/tg-monitor/tgm-corefacade/master-SNAPSHOT/maven-metadata.xml
Download https://jitpack.io/com/github/tg-monitor/tgm-backend/master-SNAPSHOT/maven-metadata.xml
Download https://jitpack.io/com/github/tg-monitor/tgm-telegram/master-SNAPSHOT/maven-metadata.xml
Download https://jitpack.io/com/github/tg-monitor/tgm-notification/master-SNAPSHOT/maven-metadata.xml
Download https://jitpack.io/com/github/tg-monitor/tgm-monitor/master-SNAPSHOT/maven-metadata.xml
Download https://jitpack.io/com/github/tg-monitor/tgm-matching/master-SNAPSHOT/maven-metadata.xml
Download https://jitpack.io/com/github/tg-monitor/tgm-servicelocator-instances/master-SNAPSHOT/maven-metadata.xml
Download https://jitpack.io/com/github/tg-monitor/tgm-ipc-api/master-SNAPSHOT/maven-metadata.xml
Download https://jitpack.io/com/github/tg-monitor/tgm-ipc-core/master-SNAPSHOT/tgm-ipc-core-master-3d0a576803-1.jar
:processResources
:classes
:jar
:startScripts
:installDist

BUILD SUCCESSFUL in 45s
5 actionable tasks: 5 executed

> Components in tgm-main-core:
tgm-backend                   master-SNAPSHOT
tgm-corefacade                master-SNAPSHOT
tgm-entities                  0.0.2
tgm-ipc-api                   master-SNAPSHOT
tgm-ipc-core                  master-SNAPSHOT
tgm-logincodeprompt           0.0.1
tgm-main-core                 0.0.1
tgm-matching                  master-SNAPSHOT
tgm-monitor                   master-SNAPSHOT
tgm-notification              master-SNAPSHOT
tgm-servicelocator            0.0.1
tgm-servicelocator-instances  master-SNAPSHOT
tgm-telegram                  master-SNAPSHOT

> Copying tgm-main-core/build/install/tgm-main-core to bundle-core...

> Building Docker image weibeld/tg-monitor:core-0.0.1 in bundle-core...
Sending build context to Docker daemon  6.484MB
Step 1/4 : FROM weibeld/tg-monitor:base
 ---> e0c521fc96cf
Step 2/4 : WORKDIR /root
 ---> Using cache
 ---> 59ea23e5a315
Step 3/4 : COPY tgm-main-core .
 ---> 2b4291600ec2
Step 4/4 : CMD ./bin/tgm-main-core
 ---> Running in fb514bacc0be
Removing intermediate container fb514bacc0be
 ---> 664af829734d
Successfully built 664af829734d
Successfully tagged weibeld/tg-monitor:core-0.0.1

> Pushing Docker image weibeld/tg-monitor:core-0.0.1 to Docker Hub...
The push refers to repository [docker.io/weibeld/tg-monitor]
8c0dbf11d88c: Preparing
3950338e1e6a: Preparing
73046094a9b8: Preparing
73046094a9b8: Layer already exists
3950338e1e6a: Layer already exists
8c0dbf11d88c: Pushed
core-0.0.1: digest: sha256:dfbcdf8475dac5836ffc941c2b81b6ccc844c37c9c1817ac41413743e10e565e size: 951

BUILD 1534226875 (Tue Aug 14 14:07:55 HKT 2018)

> Running "installDist" in tgm-main-core...
Starting a Gradle Daemon, 1 busy and 2 stopped Daemons could not be reused, use --status for details
:clean

BUILD SUCCESSFUL in 6s
1 actionable task: 1 executed
:compileJava
Download https://jitpack.io/com/github/tg-monitor/tgm-ipc-core/master-SNAPSHOT/maven-metadata.xml
Download https://jitpack.io/com/github/tg-monitor/tgm-corefacade/master-SNAPSHOT/maven-metadata.xml
Download https://jitpack.io/com/github/tg-monitor/tgm-backend/master-SNAPSHOT/maven-metadata.xml
Download https://jitpack.io/com/github/tg-monitor/tgm-telegram/master-SNAPSHOT/maven-metadata.xml
Download https://jitpack.io/com/github/tg-monitor/tgm-notification/master-SNAPSHOT/maven-metadata.xml
Download https://jitpack.io/com/github/tg-monitor/tgm-monitor/master-SNAPSHOT/maven-metadata.xml
Download https://jitpack.io/com/github/tg-monitor/tgm-matching/master-SNAPSHOT/maven-metadata.xml
Download https://jitpack.io/com/github/tg-monitor/tgm-servicelocator-instances/master-SNAPSHOT/maven-metadata.xml
Download https://jitpack.io/com/github/tg-monitor/tgm-ipc-api/master-SNAPSHOT/maven-metadata.xml
:processResources
:classes
:jar
:startScripts
:installDist

BUILD SUCCESSFUL in 25s
5 actionable tasks: 5 executed

> Components in tgm-main-core:
tgm-backend                   master-SNAPSHOT
tgm-corefacade                master-SNAPSHOT
tgm-entities                  0.0.2
tgm-ipc-api                   master-SNAPSHOT
tgm-ipc-core                  master-SNAPSHOT
tgm-logincodeprompt           0.0.1
tgm-main-core                 0.0.1
tgm-matching                  master-SNAPSHOT
tgm-monitor                   master-SNAPSHOT
tgm-notification              master-SNAPSHOT
tgm-servicelocator            0.0.1
tgm-servicelocator-instances  master-SNAPSHOT
tgm-telegram                  master-SNAPSHOT

> Copying tgm-main-core/build/install/tgm-main-core to bundle-core...

> Building Docker image weibeld/tg-monitor:core-0.0.1 in bundle-core...
Sending build context to Docker daemon  6.514MB
Step 1/4 : FROM weibeld/tg-monitor:base
 ---> e0c521fc96cf
Step 2/4 : WORKDIR /root
 ---> Using cache
 ---> 59ea23e5a315
Step 3/4 : COPY tgm-main-core .
 ---> 4c6fd26b5602
Step 4/4 : CMD ./bin/tgm-main-core
 ---> Running in 486aa4949807
Removing intermediate container 486aa4949807
 ---> e1a6d8e4a51d
Successfully built e1a6d8e4a51d
Successfully tagged weibeld/tg-monitor:core-0.0.1

> Pushing Docker image weibeld/tg-monitor:core-0.0.1 to Docker Hub...
The push refers to repository [docker.io/weibeld/tg-monitor]
a07cb714791d: Preparing
3950338e1e6a: Preparing
73046094a9b8: Preparing
73046094a9b8: Layer already exists
3950338e1e6a: Layer already exists
a07cb714791d: Pushed
core-0.0.1: digest: sha256:ccf520f73412b6f44e9121e91e938c3f7a77471faa0a32b11cbdc0daf84590d0 size: 951

BUILD 1534228579 (Tue Aug 14 14:36:19 HKT 2018)

> Running "installDist" in tgm-main-core...
:clean

BUILD SUCCESSFUL in 1s
1 actionable task: 1 executed
:compileJava
Download https://jitpack.io/com/github/tg-monitor/tgm-ipc-core/master-SNAPSHOT/maven-metadata.xml
Download https://jitpack.io/com/github/tg-monitor/tgm-corefacade/master-SNAPSHOT/maven-metadata.xml
Download https://jitpack.io/com/github/tg-monitor/tgm-backend/master-SNAPSHOT/maven-metadata.xml
Download https://jitpack.io/com/github/tg-monitor/tgm-telegram/master-SNAPSHOT/maven-metadata.xml
Download https://jitpack.io/com/github/tg-monitor/tgm-notification/master-SNAPSHOT/maven-metadata.xml
Download https://jitpack.io/com/github/tg-monitor/tgm-monitor/master-SNAPSHOT/maven-metadata.xml
Download https://jitpack.io/com/github/tg-monitor/tgm-matching/master-SNAPSHOT/maven-metadata.xml
Download https://jitpack.io/com/github/tg-monitor/tgm-servicelocator-instances/master-SNAPSHOT/maven-metadata.xml
Download https://jitpack.io/com/github/tg-monitor/tgm-ipc-api/master-SNAPSHOT/maven-metadata.xml
Download https://jitpack.io/com/github/tg-monitor/tgm-ipc-core/master-SNAPSHOT/tgm-ipc-core-master-4cce92b3e0-1.jar
:processResources
:classes
:jar
:startScripts
:installDist

BUILD SUCCESSFUL in 41s
5 actionable tasks: 5 executed

> Components in tgm-main-core:
tgm-backend                   master-SNAPSHOT
tgm-corefacade                master-SNAPSHOT
tgm-entities                  0.0.2
tgm-ipc-api                   master-SNAPSHOT
tgm-ipc-core                  master-SNAPSHOT
tgm-logincodeprompt           0.0.1
tgm-main-core                 0.0.1
tgm-matching                  master-SNAPSHOT
tgm-monitor                   master-SNAPSHOT
tgm-notification              master-SNAPSHOT
tgm-servicelocator            0.0.1
tgm-servicelocator-instances  master-SNAPSHOT
tgm-telegram                  master-SNAPSHOT

> Copying tgm-main-core/build/install/tgm-main-core to bundle-core...

> Building Docker image weibeld/tg-monitor:core-0.0.1 in bundle-core...
Sending build context to Docker daemon  6.531MB
Step 1/4 : FROM weibeld/tg-monitor:base
 ---> e0c521fc96cf
Step 2/4 : WORKDIR /root
 ---> Using cache
 ---> 59ea23e5a315
Step 3/4 : COPY tgm-main-core .
 ---> d94e948d47b6
Step 4/4 : CMD ./bin/tgm-main-core
 ---> Running in afdc30c135b3
Removing intermediate container afdc30c135b3
 ---> 0ce6f64a7997
Successfully built 0ce6f64a7997
Successfully tagged weibeld/tg-monitor:core-0.0.1

> Pushing Docker image weibeld/tg-monitor:core-0.0.1 to Docker Hub...
The push refers to repository [docker.io/weibeld/tg-monitor]
621dc8079d3c: Preparing
3950338e1e6a: Preparing
73046094a9b8: Preparing
3950338e1e6a: Layer already exists
73046094a9b8: Layer already exists
621dc8079d3c: Pushed
core-0.0.1: digest: sha256:3d65e2a742361818717c60234527e04404cf748ed02dc2b539bd887855a044ee size: 951

BUILD 1534229863 (Tue Aug 14 14:57:43 HKT 2018)

> Running "installDist" in tgm-main-core...
:clean

BUILD SUCCESSFUL in 1s
1 actionable task: 1 executed
:compileJava
Download https://jitpack.io/com/github/tg-monitor/tgm-ipc-core/master-SNAPSHOT/maven-metadata.xml
Download https://jitpack.io/com/github/tg-monitor/tgm-corefacade/master-SNAPSHOT/maven-metadata.xml
Download https://jitpack.io/com/github/tg-monitor/tgm-backend/master-SNAPSHOT/maven-metadata.xml
Download https://jitpack.io/com/github/tg-monitor/tgm-telegram/master-SNAPSHOT/maven-metadata.xml
Download https://jitpack.io/com/github/tg-monitor/tgm-notification/master-SNAPSHOT/maven-metadata.xml
Download https://jitpack.io/com/github/tg-monitor/tgm-monitor/master-SNAPSHOT/maven-metadata.xml
Download https://jitpack.io/com/github/tg-monitor/tgm-matching/master-SNAPSHOT/maven-metadata.xml
Download https://jitpack.io/com/github/tg-monitor/tgm-servicelocator-instances/master-SNAPSHOT/maven-metadata.xml
Download https://jitpack.io/com/github/tg-monitor/tgm-ipc-api/master-SNAPSHOT/maven-metadata.xml
Download https://jitpack.io/com/github/tg-monitor/tgm-ipc-core/master-SNAPSHOT/tgm-ipc-core-master-023cd1333b-1.jar
:processResources
:classes
:jar
:startScripts
:installDist

BUILD SUCCESSFUL in 44s
5 actionable tasks: 5 executed

> Components in tgm-main-core:
tgm-backend                   master-SNAPSHOT
tgm-corefacade                master-SNAPSHOT
tgm-entities                  0.0.2
tgm-ipc-api                   master-SNAPSHOT
tgm-ipc-core                  master-SNAPSHOT
tgm-logincodeprompt           0.0.1
tgm-main-core                 0.0.1
tgm-matching                  master-SNAPSHOT
tgm-monitor                   master-SNAPSHOT
tgm-notification              master-SNAPSHOT
tgm-servicelocator            0.0.1
tgm-servicelocator-instances  master-SNAPSHOT
tgm-telegram                  master-SNAPSHOT

> Copying tgm-main-core/build/install/tgm-main-core to bundle-core...

> Building Docker image weibeld/tg-monitor:core-0.0.1 in bundle-core...
Sending build context to Docker daemon  6.559MB
Step 1/4 : FROM weibeld/tg-monitor:base
 ---> e0c521fc96cf
Step 2/4 : WORKDIR /root
 ---> Using cache
 ---> 59ea23e5a315
Step 3/4 : COPY tgm-main-core .
 ---> 9f9f85873b41
Step 4/4 : CMD ./bin/tgm-main-core
 ---> Running in 87c676d9d02a
Removing intermediate container 87c676d9d02a
 ---> c6807c75d6cd
Successfully built c6807c75d6cd
Successfully tagged weibeld/tg-monitor:core-0.0.1

> Pushing Docker image weibeld/tg-monitor:core-0.0.1 to Docker Hub...
The push refers to repository [docker.io/weibeld/tg-monitor]
77ed9c84c3f2: Preparing
3950338e1e6a: Preparing
73046094a9b8: Preparing
73046094a9b8: Layer already exists
3950338e1e6a: Layer already exists
77ed9c84c3f2: Pushed
core-0.0.1: digest: sha256:4b51bc27b7f52517a94be531aa5bd4176377d774058de20e1158ee8f58e3c6b8 size: 951

BUILD 1534230343 (Tue Aug 14 15:05:43 HKT 2018)

> Running "installDist" in tgm-main-core...
:clean

BUILD SUCCESSFUL in 1s
1 actionable task: 1 executed
:compileJava
Download https://jitpack.io/com/github/tg-monitor/tgm-ipc-core/master-SNAPSHOT/maven-metadata.xml
Download https://jitpack.io/com/github/tg-monitor/tgm-ipc-core/master-SNAPSHOT/tgm-ipc-core-master-abdf890544-1.pom
Download https://jitpack.io/com/github/tg-monitor/tgm-corefacade/master-SNAPSHOT/maven-metadata.xml
Download https://jitpack.io/com/github/tg-monitor/tgm-backend/master-SNAPSHOT/maven-metadata.xml
Download https://jitpack.io/com/github/tg-monitor/tgm-telegram/master-SNAPSHOT/maven-metadata.xml
Download https://jitpack.io/com/github/tg-monitor/tgm-notification/master-SNAPSHOT/maven-metadata.xml
Download https://jitpack.io/com/github/tg-monitor/tgm-monitor/master-SNAPSHOT/maven-metadata.xml
Download https://jitpack.io/com/github/tg-monitor/tgm-matching/master-SNAPSHOT/maven-metadata.xml
Download https://jitpack.io/com/github/tg-monitor/tgm-servicelocator-instances/master-SNAPSHOT/maven-metadata.xml
Download https://jitpack.io/com/github/tg-monitor/tgm-ipc-api/master-SNAPSHOT/maven-metadata.xml
Download https://jitpack.io/com/github/tg-monitor/tgm-ipc-core/master-SNAPSHOT/tgm-ipc-core-master-abdf890544-1.jar
:processResources
:classes
:jar
:startScripts
:installDist

BUILD SUCCESSFUL in 46s
5 actionable tasks: 5 executed

> Components in tgm-main-core:
tgm-backend                   master-SNAPSHOT
tgm-corefacade                master-SNAPSHOT
tgm-entities                  0.0.2
tgm-ipc-api                   master-SNAPSHOT
tgm-ipc-core                  master-SNAPSHOT
tgm-logincodeprompt           0.0.1
tgm-main-core                 0.0.1
tgm-matching                  master-SNAPSHOT
tgm-monitor                   master-SNAPSHOT
tgm-notification              master-SNAPSHOT
tgm-servicelocator            0.0.1
tgm-servicelocator-instances  master-SNAPSHOT
tgm-telegram                  master-SNAPSHOT

> Copying tgm-main-core/build/install/tgm-main-core to bundle-core...

> Building Docker image weibeld/tg-monitor:core-0.0.1 in bundle-core...
Sending build context to Docker daemon  6.588MB
Step 1/4 : FROM weibeld/tg-monitor:base
 ---> e0c521fc96cf
Step 2/4 : WORKDIR /root
 ---> Using cache
 ---> 59ea23e5a315
Step 3/4 : COPY tgm-main-core .
 ---> 8635e22a9b1b
Step 4/4 : CMD ./bin/tgm-main-core
 ---> Running in acf7e815f2c8
Removing intermediate container acf7e815f2c8
 ---> 8a648aa29314
Successfully built 8a648aa29314
Successfully tagged weibeld/tg-monitor:core-0.0.1

> Pushing Docker image weibeld/tg-monitor:core-0.0.1 to Docker Hub...
The push refers to repository [docker.io/weibeld/tg-monitor]
dad8ab1fb97d: Preparing
3950338e1e6a: Preparing
73046094a9b8: Preparing
73046094a9b8: Layer already exists
3950338e1e6a: Layer already exists
dad8ab1fb97d: Pushed
core-0.0.1: digest: sha256:8b45721a8c7ff3efbad953eaec8390d1bf1f8efd33171a9c2e47483ae2790575 size: 951

BUILD 1534232781 (Tue Aug 14 15:46:21 HKT 2018)

> Running "installDist" in tgm-main-core...
Starting a Gradle Daemon, 1 busy Daemon could not be reused, use --status for details
:clean

BUILD SUCCESSFUL in 7s
1 actionable task: 1 executed
:compileJava
Download https://jitpack.io/com/github/tg-monitor/tgm-ipc-core/master-SNAPSHOT/maven-metadata.xml
Download https://jitpack.io/com/github/tg-monitor/tgm-corefacade/master-SNAPSHOT/maven-metadata.xml
Download https://jitpack.io/com/github/tg-monitor/tgm-backend/master-SNAPSHOT/maven-metadata.xml
Download https://jitpack.io/com/github/tg-monitor/tgm-telegram/master-SNAPSHOT/maven-metadata.xml
Download https://jitpack.io/com/github/tg-monitor/tgm-notification/master-SNAPSHOT/maven-metadata.xml
Download https://jitpack.io/com/github/tg-monitor/tgm-monitor/master-SNAPSHOT/maven-metadata.xml
Download https://jitpack.io/com/github/tg-monitor/tgm-matching/master-SNAPSHOT/maven-metadata.xml
Download https://jitpack.io/com/github/tg-monitor/tgm-servicelocator-instances/master-SNAPSHOT/maven-metadata.xml
Download https://jitpack.io/com/github/tg-monitor/tgm-ipc-api/master-SNAPSHOT/maven-metadata.xml
:processResources
:classes
:jar
:startScripts
:installDist

BUILD SUCCESSFUL in 28s
5 actionable tasks: 5 executed

> Components in tgm-main-core:
tgm-backend                   master-SNAPSHOT
tgm-corefacade                master-SNAPSHOT
tgm-entities                  0.0.2
tgm-ipc-api                   master-SNAPSHOT
tgm-ipc-core                  master-SNAPSHOT
tgm-logincodeprompt           0.0.1
tgm-main-core                 0.0.1
tgm-matching                  master-SNAPSHOT
tgm-monitor                   master-SNAPSHOT
tgm-notification              master-SNAPSHOT
tgm-servicelocator            0.0.1
tgm-servicelocator-instances  master-SNAPSHOT
tgm-telegram                  master-SNAPSHOT

> Copying tgm-main-core/build/install/tgm-main-core to bundle-core...

> Building Docker image weibeld/tg-monitor:core-0.0.1 in bundle-core...
Sending build context to Docker daemon  6.617MB
Step 1/4 : FROM weibeld/tg-monitor:base
 ---> e0c521fc96cf
Step 2/4 : WORKDIR /root
 ---> Using cache
 ---> 59ea23e5a315
Step 3/4 : COPY tgm-main-core .
 ---> ee6d76405486
Step 4/4 : CMD ./bin/tgm-main-core
 ---> Running in 085b4a9044e6
Removing intermediate container 085b4a9044e6
 ---> 6eeb24c30f13
Successfully built 6eeb24c30f13
Successfully tagged weibeld/tg-monitor:core-0.0.1

> Pushing Docker image weibeld/tg-monitor:core-0.0.1 to Docker Hub...
The push refers to repository [docker.io/weibeld/tg-monitor]
37dce4ef214d: Preparing
3950338e1e6a: Preparing
73046094a9b8: Preparing
3950338e1e6a: Layer already exists
73046094a9b8: Layer already exists
37dce4ef214d: Pushed
core-0.0.1: digest: sha256:f7584bc0e84aec501f370aa15d46162dfd3ca7575b1b3892d12a8b2d7026c25a size: 951

BUILD 1534233810 (Tue Aug 14 16:03:30 HKT 2018)

> Running "installDist" in tgm-main-core...
:clean

BUILD SUCCESSFUL in 1s
1 actionable task: 1 executed
:compileJava FAILED

FAILURE: Build failed with an exception.

* What went wrong:
Could not resolve all files for configuration ':compileClasspath'.
> Could not resolve com.github.tg-monitor:tgm-ipc-core:master-SNAPSHOT.
  Required by:
      project :
   > Could not resolve com.github.tg-monitor:tgm-ipc-core:master-SNAPSHOT.
      > Unable to load Maven meta-data from https://jitpack.io/com/github/tg-monitor/tgm-ipc-core/master-SNAPSHOT/maven-metadata.xml.
         > Could not HEAD 'https://jitpack.io/com/github/tg-monitor/tgm-ipc-core/master-SNAPSHOT/maven-metadata.xml'.
            > Read timed out
> Could not resolve com.github.tg-monitor:tgm-corefacade:master-SNAPSHOT.
  Required by:
      project :
   > Skipped due to earlier error
> Could not resolve com.github.tg-monitor:tgm-backend:master-SNAPSHOT.
  Required by:
      project :
   > Skipped due to earlier error
> Could not resolve com.github.tg-monitor:tgm-telegram:master-SNAPSHOT.
  Required by:
      project :
   > Skipped due to earlier error
> Could not resolve com.github.tg-monitor:tgm-notification:master-SNAPSHOT.
  Required by:
      project :
   > Skipped due to earlier error
> Could not resolve com.github.tg-monitor:tgm-monitor:master-SNAPSHOT.
  Required by:
      project :
   > Skipped due to earlier error
> Could not resolve com.github.tg-monitor:tgm-matching:master-SNAPSHOT.
  Required by:
      project :
   > Skipped due to earlier error
> Could not resolve com.github.tg-monitor:tgm-servicelocator-instances:master-SNAPSHOT.
  Required by:
      project :
   > Skipped due to earlier error

* Try:
Run with --stacktrace option to get the stack trace. Run with --info or --debug option to get more log output. Run with --scan to get full insights.

* Get more help at https://help.gradle.org

BUILD FAILED in 40s
1 actionable task: 1 executed

BUILD 1534233889 (Tue Aug 14 16:04:49 HKT 2018)

> Running "installDist" in tgm-main-core...
:clean UP-TO-DATE

BUILD SUCCESSFUL in 0s
1 actionable task: 1 up-to-date
:compileJava
Download https://jitpack.io/com/github/tg-monitor/tgm-ipc-core/master-SNAPSHOT/maven-metadata.xml
Download https://jitpack.io/com/github/tg-monitor/tgm-corefacade/master-SNAPSHOT/maven-metadata.xml
Download https://jitpack.io/com/github/tg-monitor/tgm-backend/master-SNAPSHOT/maven-metadata.xml
Download https://jitpack.io/com/github/tg-monitor/tgm-telegram/master-SNAPSHOT/maven-metadata.xml
Download https://jitpack.io/com/github/tg-monitor/tgm-notification/master-SNAPSHOT/maven-metadata.xml
Download https://jitpack.io/com/github/tg-monitor/tgm-monitor/master-SNAPSHOT/maven-metadata.xml
Download https://jitpack.io/com/github/tg-monitor/tgm-matching/master-SNAPSHOT/maven-metadata.xml
Download https://jitpack.io/com/github/tg-monitor/tgm-servicelocator-instances/master-SNAPSHOT/maven-metadata.xml
Download https://jitpack.io/com/github/tg-monitor/tgm-ipc-api/master-SNAPSHOT/maven-metadata.xml
Download https://jitpack.io/com/github/tg-monitor/tgm-ipc-core/master-SNAPSHOT/tgm-ipc-core-master-4d783735a7-1.jar
:processResources
:classes
:jar
:startScripts
:installDist

BUILD SUCCESSFUL in 29s
5 actionable tasks: 5 executed

> Components in tgm-main-core:
tgm-backend                   master-SNAPSHOT
tgm-corefacade                master-SNAPSHOT
tgm-entities                  0.0.2
tgm-ipc-api                   master-SNAPSHOT
tgm-ipc-core                  master-SNAPSHOT
tgm-logincodeprompt           0.0.1
tgm-main-core                 0.0.1
tgm-matching                  master-SNAPSHOT
tgm-monitor                   master-SNAPSHOT
tgm-notification              master-SNAPSHOT
tgm-servicelocator            0.0.1
tgm-servicelocator-instances  master-SNAPSHOT
tgm-telegram                  master-SNAPSHOT

> Copying tgm-main-core/build/install/tgm-main-core to bundle-core...

> Building Docker image weibeld/tg-monitor:core-0.0.1 in bundle-core...
Sending build context to Docker daemon  6.637MB
Step 1/4 : FROM weibeld/tg-monitor:base
 ---> e0c521fc96cf
Step 2/4 : WORKDIR /root
 ---> Using cache
 ---> 59ea23e5a315
Step 3/4 : COPY tgm-main-core .
 ---> f769af57bad9
Step 4/4 : CMD ./bin/tgm-main-core
 ---> Running in e9e0600d308e
Removing intermediate container e9e0600d308e
 ---> 23e4e219e94f
Successfully built 23e4e219e94f
Successfully tagged weibeld/tg-monitor:core-0.0.1

> Pushing Docker image weibeld/tg-monitor:core-0.0.1 to Docker Hub...
The push refers to repository [docker.io/weibeld/tg-monitor]
ee65cbf00206: Preparing
3950338e1e6a: Preparing
73046094a9b8: Preparing
73046094a9b8: Layer already exists
3950338e1e6a: Layer already exists
ee65cbf00206: Pushed
core-0.0.1: digest: sha256:98337487d4bb8a3f46d6bc7bfd0653648a80c3c0d05ae64ff5cb13117c837258 size: 951

BUILD 1534234430 (Tue Aug 14 16:13:50 HKT 2018)

> Running "installDist" in tgm-main-core...
:clean

BUILD SUCCESSFUL in 1s
1 actionable task: 1 executed
:compileJava FAILED

FAILURE: Build failed with an exception.

* What went wrong:
Could not resolve all files for configuration ':compileClasspath'.
> Could not resolve com.github.tg-monitor:tgm-ipc-core:master-SNAPSHOT.
  Required by:
      project :
   > Could not resolve com.github.tg-monitor:tgm-ipc-core:master-SNAPSHOT.
      > Unable to load Maven meta-data from https://jitpack.io/com/github/tg-monitor/tgm-ipc-core/master-SNAPSHOT/maven-metadata.xml.
         > Could not HEAD 'https://jitpack.io/com/github/tg-monitor/tgm-ipc-core/master-SNAPSHOT/maven-metadata.xml'.
            > Read timed out
> Could not resolve com.github.tg-monitor:tgm-corefacade:master-SNAPSHOT.
  Required by:
      project :
   > Skipped due to earlier error
> Could not resolve com.github.tg-monitor:tgm-backend:master-SNAPSHOT.
  Required by:
      project :
   > Skipped due to earlier error
> Could not resolve com.github.tg-monitor:tgm-telegram:master-SNAPSHOT.
  Required by:
      project :
   > Skipped due to earlier error
> Could not resolve com.github.tg-monitor:tgm-notification:master-SNAPSHOT.
  Required by:
      project :
   > Skipped due to earlier error
> Could not resolve com.github.tg-monitor:tgm-monitor:master-SNAPSHOT.
  Required by:
      project :
   > Skipped due to earlier error
> Could not resolve com.github.tg-monitor:tgm-matching:master-SNAPSHOT.
  Required by:
      project :
   > Skipped due to earlier error
> Could not resolve com.github.tg-monitor:tgm-servicelocator-instances:master-SNAPSHOT.
  Required by:
      project :
   > Skipped due to earlier error

* Try:
Run with --stacktrace option to get the stack trace. Run with --info or --debug option to get more log output. Run with --scan to get full insights.

* Get more help at https://help.gradle.org

BUILD FAILED in 43s
1 actionable task: 1 executed

BUILD 1534234494 (Tue Aug 14 16:14:54 HKT 2018)

> Running "installDist" in tgm-main-core...
:clean UP-TO-DATE

BUILD SUCCESSFUL in 0s
1 actionable task: 1 up-to-date
:compileJava
Download https://jitpack.io/com/github/tg-monitor/tgm-ipc-core/master-SNAPSHOT/maven-metadata.xml
Download https://jitpack.io/com/github/tg-monitor/tgm-corefacade/master-SNAPSHOT/maven-metadata.xml
Download https://jitpack.io/com/github/tg-monitor/tgm-backend/master-SNAPSHOT/maven-metadata.xml
Download https://jitpack.io/com/github/tg-monitor/tgm-telegram/master-SNAPSHOT/maven-metadata.xml
Download https://jitpack.io/com/github/tg-monitor/tgm-notification/master-SNAPSHOT/maven-metadata.xml
Download https://jitpack.io/com/github/tg-monitor/tgm-monitor/master-SNAPSHOT/maven-metadata.xml
Download https://jitpack.io/com/github/tg-monitor/tgm-matching/master-SNAPSHOT/maven-metadata.xml
Download https://jitpack.io/com/github/tg-monitor/tgm-servicelocator-instances/master-SNAPSHOT/maven-metadata.xml
Download https://jitpack.io/com/github/tg-monitor/tgm-ipc-api/master-SNAPSHOT/maven-metadata.xml
Download https://jitpack.io/com/github/tg-monitor/tgm-ipc-core/master-SNAPSHOT/tgm-ipc-core-master-5520ded7a5-1.jar
:processResources
:classes
:jar
:startScripts
:installDist

BUILD SUCCESSFUL in 37s
5 actionable tasks: 5 executed

> Components in tgm-main-core:
tgm-backend                   master-SNAPSHOT
tgm-corefacade                master-SNAPSHOT
tgm-entities                  0.0.2
tgm-ipc-api                   master-SNAPSHOT
tgm-ipc-core                  master-SNAPSHOT
tgm-logincodeprompt           0.0.1
tgm-main-core                 0.0.1
tgm-matching                  master-SNAPSHOT
tgm-monitor                   master-SNAPSHOT
tgm-notification              master-SNAPSHOT
tgm-servicelocator            0.0.1
tgm-servicelocator-instances  master-SNAPSHOT
tgm-telegram                  master-SNAPSHOT

> Copying tgm-main-core/build/install/tgm-main-core to bundle-core...

> Building Docker image weibeld/tg-monitor:core-0.0.1 in bundle-core...
Sending build context to Docker daemon  6.668MB
Step 1/4 : FROM weibeld/tg-monitor:base
 ---> e0c521fc96cf
Step 2/4 : WORKDIR /root
 ---> Using cache
 ---> 59ea23e5a315
Step 3/4 : COPY tgm-main-core .
 ---> 9f1a9260a14d
Step 4/4 : CMD ./bin/tgm-main-core
 ---> Running in a6cb5fe89f7f
Removing intermediate container a6cb5fe89f7f
 ---> e3c7bdf9a217
Successfully built e3c7bdf9a217
Successfully tagged weibeld/tg-monitor:core-0.0.1

> Pushing Docker image weibeld/tg-monitor:core-0.0.1 to Docker Hub...
The push refers to repository [docker.io/weibeld/tg-monitor]
87da27f32a39: Preparing
3950338e1e6a: Preparing
73046094a9b8: Preparing
73046094a9b8: Layer already exists
3950338e1e6a: Layer already exists
87da27f32a39: Pushed
core-0.0.1: digest: sha256:99ed659304c96ee6d260b76327d6175f002af9a830d0066339edf8ad18967bdb size: 951

BUILD 1534235154 (Tue Aug 14 16:25:54 HKT 2018)

> Running "installDist" in tgm-main-core...
:clean

BUILD SUCCESSFUL in 1s
1 actionable task: 1 executed
:compileJava
Download https://jitpack.io/com/github/tg-monitor/tgm-ipc-core/master-SNAPSHOT/maven-metadata.xml
Download https://jitpack.io/com/github/tg-monitor/tgm-corefacade/master-SNAPSHOT/maven-metadata.xml
Download https://jitpack.io/com/github/tg-monitor/tgm-backend/master-SNAPSHOT/maven-metadata.xml
Download https://jitpack.io/com/github/tg-monitor/tgm-telegram/master-SNAPSHOT/maven-metadata.xml
Download https://jitpack.io/com/github/tg-monitor/tgm-notification/master-SNAPSHOT/maven-metadata.xml
Download https://jitpack.io/com/github/tg-monitor/tgm-monitor/master-SNAPSHOT/maven-metadata.xml
Download https://jitpack.io/com/github/tg-monitor/tgm-matching/master-SNAPSHOT/maven-metadata.xml
Download https://jitpack.io/com/github/tg-monitor/tgm-servicelocator-instances/master-SNAPSHOT/maven-metadata.xml
Download https://jitpack.io/com/github/tg-monitor/tgm-ipc-api/master-SNAPSHOT/maven-metadata.xml
:processResources
:classes
:jar
:startScripts
:installDist

BUILD SUCCESSFUL in 25s
5 actionable tasks: 5 executed

> Components in tgm-main-core:
tgm-backend                   master-SNAPSHOT
tgm-corefacade                master-SNAPSHOT
tgm-entities                  0.0.2
tgm-ipc-api                   master-SNAPSHOT
tgm-ipc-core                  master-SNAPSHOT
tgm-logincodeprompt           0.0.1
tgm-main-core                 0.0.1
tgm-matching                  master-SNAPSHOT
tgm-monitor                   master-SNAPSHOT
tgm-notification              master-SNAPSHOT
tgm-servicelocator            0.0.1
tgm-servicelocator-instances  master-SNAPSHOT
tgm-telegram                  master-SNAPSHOT

> Copying tgm-main-core/build/install/tgm-main-core to bundle-core...

> Building Docker image weibeld/tg-monitor:core-0.0.1 in bundle-core...
Sending build context to Docker daemon  6.698MB
Step 1/4 : FROM weibeld/tg-monitor:base
 ---> e0c521fc96cf
Step 2/4 : WORKDIR /root
 ---> Using cache
 ---> 59ea23e5a315
Step 3/4 : COPY tgm-main-core .
 ---> 83eaf47b492d
Step 4/4 : CMD ./bin/tgm-main-core
 ---> Running in 4195c47fdd98
Removing intermediate container 4195c47fdd98
 ---> 073750836174
Successfully built 073750836174
Successfully tagged weibeld/tg-monitor:core-0.0.1

> Pushing Docker image weibeld/tg-monitor:core-0.0.1 to Docker Hub...
The push refers to repository [docker.io/weibeld/tg-monitor]
b40ee2e062c4: Preparing
3950338e1e6a: Preparing
73046094a9b8: Preparing
73046094a9b8: Layer already exists
3950338e1e6a: Layer already exists
b40ee2e062c4: Pushed
core-0.0.1: digest: sha256:4584869fd35a3ce6f86cde7176346211d630bc97b7c3132d16740720bc3180ec size: 951

BUILD 1534252154 (Tue Aug 14 21:09:14 HKT 2018)

> Running "installDist" in tgm-main-core...
:clean

BUILD SUCCESSFUL in 1s
1 actionable task: 1 executed
:compileJava
Download https://jitpack.io/com/github/tg-monitor/tgm-ipc-core/master-SNAPSHOT/maven-metadata.xml
Download https://jitpack.io/com/github/tg-monitor/tgm-corefacade/master-SNAPSHOT/maven-metadata.xml
Download https://jitpack.io/com/github/tg-monitor/tgm-corefacade/master-SNAPSHOT/tgm-corefacade-master-0.0.1-gea9f79c-9.pom
Download https://jitpack.io/com/github/tg-monitor/tgm-backend/master-SNAPSHOT/maven-metadata.xml
Download https://jitpack.io/com/github/tg-monitor/tgm-telegram/master-SNAPSHOT/maven-metadata.xml
Download https://jitpack.io/com/github/tg-monitor/tgm-notification/master-SNAPSHOT/maven-metadata.xml
Download https://jitpack.io/com/github/tg-monitor/tgm-monitor/master-SNAPSHOT/maven-metadata.xml
Download https://jitpack.io/com/github/tg-monitor/tgm-matching/master-SNAPSHOT/maven-metadata.xml
Download https://jitpack.io/com/github/tg-monitor/tgm-servicelocator-instances/master-SNAPSHOT/maven-metadata.xml
Download https://jitpack.io/com/github/tg-monitor/tgm-ipc-api/master-SNAPSHOT/maven-metadata.xml
:processResources
:classes
:jar
:startScripts
:installDist

BUILD SUCCESSFUL in 41s
5 actionable tasks: 5 executed

> Components in tgm-main-core:
tgm-backend                   master-SNAPSHOT
tgm-corefacade                master-SNAPSHOT
tgm-entities                  0.0.2
tgm-ipc-api                   master-SNAPSHOT
tgm-ipc-core                  master-SNAPSHOT
tgm-logincodeprompt           0.0.1
tgm-main-core                 0.0.1
tgm-matching                  master-SNAPSHOT
tgm-monitor                   master-SNAPSHOT
tgm-notification              master-SNAPSHOT
tgm-servicelocator            0.0.1
tgm-servicelocator-instances  master-SNAPSHOT
tgm-telegram                  master-SNAPSHOT

> Copying tgm-main-core/build/install/tgm-main-core to bundle-core...

> Building Docker image weibeld/tg-monitor:core-0.0.1 in bundle-core...
Sending build context to Docker daemon  6.715MB
Step 1/4 : FROM weibeld/tg-monitor:base
 ---> e0c521fc96cf
Step 2/4 : WORKDIR /root
 ---> Using cache
 ---> 7c103313f890
Step 3/4 : COPY tgm-main-core .
 ---> 44083a1f2ba1
Step 4/4 : CMD ./bin/tgm-main-core
 ---> Running in 09727d561263
Removing intermediate container 09727d561263
 ---> 949c4c63c00a
Successfully built 949c4c63c00a
Successfully tagged weibeld/tg-monitor:core-0.0.1

> Pushing Docker image weibeld/tg-monitor:core-0.0.1 to Docker Hub...
The push refers to repository [docker.io/weibeld/tg-monitor]
2a137bc6fbdd: Preparing
3950338e1e6a: Preparing
73046094a9b8: Preparing
3950338e1e6a: Layer already exists
2a137bc6fbdd: Pushed
73046094a9b8: Pushed
core-0.0.1: digest: sha256:1555e57e2c58f9a82b5f1a778f6941a5c9148e3ce62cda9aca614de9ab601b06 size: 951

BUILD 1534394264 (Thu Aug 16 12:37:44 HKT 2018)

> Running "installDist" in tgm-main-core...
:clean

BUILD SUCCESSFUL in 1s
1 actionable task: 1 executed
:compileJava
Download https://jitpack.io/com/github/tg-monitor/tgm-ipc-core/master-SNAPSHOT/maven-metadata.xml
Download https://jitpack.io/com/github/tg-monitor/tgm-corefacade/master-SNAPSHOT/maven-metadata.xml
Download https://jitpack.io/com/github/tg-monitor/tgm-backend/master-SNAPSHOT/maven-metadata.xml
Download https://jitpack.io/com/github/tg-monitor/tgm-telegram/master-SNAPSHOT/maven-metadata.xml
Download https://jitpack.io/com/github/tg-monitor/tgm-notification/master-SNAPSHOT/maven-metadata.xml
Download https://jitpack.io/com/github/tg-monitor/tgm-monitor/master-SNAPSHOT/maven-metadata.xml
Download https://jitpack.io/com/github/tg-monitor/tgm-matching/master-SNAPSHOT/maven-metadata.xml
Download https://jitpack.io/com/github/tg-monitor/tgm-servicelocator-instances/master-SNAPSHOT/maven-metadata.xml
Download https://jitpack.io/com/github/tg-monitor/tgm-ipc-api/master-SNAPSHOT/maven-metadata.xml
:processResources
:classes
:jar
:startScripts
:installDist

BUILD SUCCESSFUL in 24s
5 actionable tasks: 5 executed

> Components in tgm-main-core:
tgm-backend                   master-SNAPSHOT
tgm-corefacade                master-SNAPSHOT
tgm-entities                  0.0.2
tgm-ipc-api                   master-SNAPSHOT
tgm-ipc-core                  master-SNAPSHOT
tgm-logincodeprompt           0.0.1
tgm-main-core                 0.0.1
tgm-matching                  master-SNAPSHOT
tgm-monitor                   master-SNAPSHOT
tgm-notification              master-SNAPSHOT
tgm-servicelocator            0.0.1
tgm-servicelocator-instances  master-SNAPSHOT
tgm-telegram                  master-SNAPSHOT

> Copying tgm-main-core/build/install/tgm-main-core to bundle-core...

> Building Docker image weibeld/tg-monitor:core-0.0.1 in bundle-core...
Sending build context to Docker daemon  6.857MB
Step 1/4 : FROM weibeld/tg-monitor:base
 ---> e0c521fc96cf
Step 2/4 : WORKDIR /root
 ---> Using cache
 ---> 7c103313f890
Step 3/4 : COPY tgm-main-core .
 ---> f0fe9c7f88a3
Step 4/4 : CMD ./bin/tgm-main-core
 ---> Running in 687edfe3910d
Removing intermediate container 687edfe3910d
 ---> 3f65109ad1d6
Successfully built 3f65109ad1d6
Successfully tagged weibeld/tg-monitor:core-0.0.1

> Pushing Docker image weibeld/tg-monitor:core-0.0.1 to Docker Hub...
The push refers to repository [docker.io/weibeld/tg-monitor]
9fac359806e7: Preparing
3950338e1e6a: Preparing
73046094a9b8: Preparing
73046094a9b8: Layer already exists
3950338e1e6a: Layer already exists
9fac359806e7: Pushed
core-0.0.1: digest: sha256:acd5465fc2b172e8e76cbe69bbb7e264191eea4040e77e729f14944c218a522e size: 951

BUILD 1537386781 (Wed Sep 19 21:53:01 CEST 2018)

> Running "installDist" in ../tgm-main-core...
Starting a Gradle Daemon (subsequent builds will be faster)
:clean

BUILD SUCCESSFUL in 8s
1 actionable task: 1 executed
:compileJava
Download https://jitpack.io/com/github/tg-monitor/tgm-ipc-core/master-SNAPSHOT/maven-metadata.xml
Download https://jitpack.io/com/github/tg-monitor/tgm-corefacade/master-SNAPSHOT/maven-metadata.xml
Download https://jitpack.io/com/github/tg-monitor/tgm-backend/master-SNAPSHOT/maven-metadata.xml
Download https://jitpack.io/com/github/tg-monitor/tgm-telegram/master-SNAPSHOT/maven-metadata.xml
Download https://jitpack.io/com/github/tg-monitor/tgm-notification/master-SNAPSHOT/maven-metadata.xml
Download https://jitpack.io/com/github/tg-monitor/tgm-monitor/master-SNAPSHOT/maven-metadata.xml
Download https://jitpack.io/com/github/tg-monitor/tgm-matching/master-SNAPSHOT/maven-metadata.xml
Download https://jitpack.io/com/github/tg-monitor/tgm-servicelocator-instances/master-SNAPSHOT/maven-metadata.xml
Download https://jitpack.io/com/github/tg-monitor/tgm-ipc-api/master-SNAPSHOT/maven-metadata.xml
Download https://jitpack.io/com/github/tg-monitor/tgm-ipc-core/master-SNAPSHOT/tgm-ipc-core-master-a6cb771a12-1.jar
:processResources
:classes
:jar
:startScripts
:installDist

BUILD SUCCESSFUL in 52s
5 actionable tasks: 5 executed

> Components in tgm-main-core:
tgm-backend                   master-SNAPSHOT
tgm-corefacade                master-SNAPSHOT
tgm-entities                  0.0.2
tgm-ipc-api                   master-SNAPSHOT
tgm-ipc-core                  master-SNAPSHOT
tgm-logincodeprompt           0.0.1
tgm-main-core                 0.0.1
tgm-matching                  master-SNAPSHOT
tgm-monitor                   master-SNAPSHOT
tgm-notification              master-SNAPSHOT
tgm-servicelocator            0.0.1
tgm-servicelocator-instances  master-SNAPSHOT
tgm-telegram                  master-SNAPSHOT

> Copying ../tgm-main-core/build/install/tgm-main-core to ../bundle-core...

> Building Docker image core-0.0.1 in ../bundle-core...
Sending build context to Docker daemon  6.984MB
Step 1/4 : FROM weibeld/tg-monitor:base
base: Pulling from weibeld/tg-monitor
8e3ba11ec2a2: Already exists
cf6db8ae1697: Already exists
Digest: sha256:0dfd281a147c1eb9c7e5cb7eca399013e0eaf741aee25fb1fdabde563977adf3
Status: Downloaded newer image for weibeld/tg-monitor:base
 ---> e0c521fc96cf
Build cancelled
Build cancelled

BUILD 1537386913 (Wed Sep 19 21:55:13 CEST 2018)

> Running "installDist" in ../tgm-main-core...
:clean

BUILD SUCCESSFUL in 1s
1 actionable task: 1 executed
:compileJava
Download https://jitpack.io/com/github/tg-monitor/tgm-ipc-core/master-SNAPSHOT/maven-metadata.xml
Download https://jitpack.io/com/github/tg-monitor/tgm-corefacade/master-SNAPSHOT/maven-metadata.xml
Download https://jitpack.io/com/github/tg-monitor/tgm-backend/master-SNAPSHOT/maven-metadata.xml
Download https://jitpack.io/com/github/tg-monitor/tgm-telegram/master-SNAPSHOT/maven-metadata.xml
Download https://jitpack.io/com/github/tg-monitor/tgm-notification/master-SNAPSHOT/maven-metadata.xml
Download https://jitpack.io/com/github/tg-monitor/tgm-monitor/master-SNAPSHOT/maven-metadata.xml
Download https://jitpack.io/com/github/tg-monitor/tgm-matching/master-SNAPSHOT/maven-metadata.xml
Download https://jitpack.io/com/github/tg-monitor/tgm-servicelocator-instances/master-SNAPSHOT/maven-metadata.xml
Download https://jitpack.io/com/github/tg-monitor/tgm-ipc-api/master-SNAPSHOT/maven-metadata.xml
:processResources
:classes
:jar
:startScripts
:installDist

BUILD SUCCESSFUL in 11s
5 actionable tasks: 5 executed

> Components in tgm-main-core:
tgm-backend                   master-SNAPSHOT
tgm-corefacade                master-SNAPSHOT
tgm-entities                  0.0.2
tgm-ipc-api                   master-SNAPSHOT
tgm-ipc-core                  master-SNAPSHOT
tgm-logincodeprompt           0.0.1
tgm-main-core                 0.0.1
tgm-matching                  master-SNAPSHOT
tgm-monitor                   master-SNAPSHOT
tgm-notification              master-SNAPSHOT
tgm-servicelocator            0.0.1
tgm-servicelocator-instances  master-SNAPSHOT
tgm-telegram                  master-SNAPSHOT

> Copying ../tgm-main-core/build/install/tgm-main-core to ../bundle-core...

> Building Docker image core-0.0.1 in ../bundle-core...
Sending build context to Docker daemon  6.986MB
Step 1/4 : FROM weibeld/tg-monitor:base
 ---> e0c521fc96cf
Step 2/4 : WORKDIR /root
Removing intermediate container aae7cdc2ae66
 ---> 6e60a2b1c448
Step 3/4 : COPY tgm-main-core .
 ---> 604c5e0ac297
Step 4/4 : CMD ./bin/tgm-main-core
 ---> Running in 8f36a10bab81
Removing intermediate container 8f36a10bab81
 ---> 3646367aa5f5
Successfully built 3646367aa5f5
Successfully tagged core-0.0.1:latest

> Pushing Docker image core-0.0.1 to Docker Hub...
The push refers to repository [docker.io/library/core-0.0.1]
13078fbbdee1: Preparing
3950338e1e6a: Preparing
73046094a9b8: Preparing
denied: requested access to the resource is denied

BUILD 1537386956 (Wed Sep 19 21:55:56 CEST 2018)

> Running "installDist" in ../tgm-main-core...
:clean

BUILD SUCCESSFUL in 0s
1 actionable task: 1 executed
:compileJava
Download https://jitpack.io/com/github/tg-monitor/tgm-ipc-core/master-SNAPSHOT/maven-metadata.xml
Download https://jitpack.io/com/github/tg-monitor/tgm-corefacade/master-SNAPSHOT/maven-metadata.xml
Download https://jitpack.io/com/github/tg-monitor/tgm-backend/master-SNAPSHOT/maven-metadata.xml
Download https://jitpack.io/com/github/tg-monitor/tgm-telegram/master-SNAPSHOT/maven-metadata.xml
Download https://jitpack.io/com/github/tg-monitor/tgm-notification/master-SNAPSHOT/maven-metadata.xml
Download https://jitpack.io/com/github/tg-monitor/tgm-monitor/master-SNAPSHOT/maven-metadata.xml
Download https://jitpack.io/com/github/tg-monitor/tgm-matching/master-SNAPSHOT/maven-metadata.xml
Download https://jitpack.io/com/github/tg-monitor/tgm-servicelocator-instances/master-SNAPSHOT/maven-metadata.xml
Download https://jitpack.io/com/github/tg-monitor/tgm-ipc-api/master-SNAPSHOT/maven-metadata.xml
:processResources
:classes
:jar
:startScripts
:installDist

BUILD SUCCESSFUL in 22s
5 actionable tasks: 5 executed

> Components in tgm-main-core:
tgm-backend                   master-SNAPSHOT
tgm-corefacade                master-SNAPSHOT
tgm-entities                  0.0.2
tgm-ipc-api                   master-SNAPSHOT
tgm-ipc-core                  master-SNAPSHOT
tgm-logincodeprompt           0.0.1
tgm-main-core                 0.0.1
tgm-matching                  master-SNAPSHOT
tgm-monitor                   master-SNAPSHOT
tgm-notification              master-SNAPSHOT
tgm-servicelocator            0.0.1
tgm-servicelocator-instances  master-SNAPSHOT
tgm-telegram                  master-SNAPSHOT

> Copying ../tgm-main-core/build/install/tgm-main-core to ../bundle-core...

> Building Docker image core-0.0.1 in ../bundle-core...
Sending build context to Docker daemon  6.989MB
Step 1/4 : FROM weibeld/tg-monitor:base
 ---> e0c521fc96cf
Step 2/4 : WORKDIR /root
 ---> Using cache
 ---> 6e60a2b1c448
Step 3/4 : COPY tgm-main-core .
 ---> 30bde89f6e8f
Step 4/4 : CMD ./bin/tgm-main-core
 ---> Running in 771f13aa13b5
Removing intermediate container 771f13aa13b5
 ---> 8e04227ceca1
Successfully built 8e04227ceca1
Successfully tagged core-0.0.1:latest

> Pushing Docker image core-0.0.1 to Docker Hub...
The push refers to repository [docker.io/library/core-0.0.1]
6f37f7bb2492: Preparing
3950338e1e6a: Preparing
73046094a9b8: Preparing
denied: requested access to the resource is denied

BUILD 1537387011 (Wed Sep 19 21:56:51 CEST 2018)

> Running "installDist" in ../tgm-main-core...
:clean

BUILD SUCCESSFUL in 0s
1 actionable task: 1 executed
:compileJava
Download https://jitpack.io/com/github/tg-monitor/tgm-ipc-core/master-SNAPSHOT/maven-metadata.xml
Download https://jitpack.io/com/github/tg-monitor/tgm-corefacade/master-SNAPSHOT/maven-metadata.xml
Download https://jitpack.io/com/github/tg-monitor/tgm-backend/master-SNAPSHOT/maven-metadata.xml
Download https://jitpack.io/com/github/tg-monitor/tgm-telegram/master-SNAPSHOT/maven-metadata.xml
Download https://jitpack.io/com/github/tg-monitor/tgm-notification/master-SNAPSHOT/maven-metadata.xml
Download https://jitpack.io/com/github/tg-monitor/tgm-monitor/master-SNAPSHOT/maven-metadata.xml
Download https://jitpack.io/com/github/tg-monitor/tgm-matching/master-SNAPSHOT/maven-metadata.xml
Download https://jitpack.io/com/github/tg-monitor/tgm-servicelocator-instances/master-SNAPSHOT/maven-metadata.xml
Download https://jitpack.io/com/github/tg-monitor/tgm-ipc-api/master-SNAPSHOT/maven-metadata.xml
:processResources
:classes
:jar
:startScripts
:installDist

BUILD SUCCESSFUL in 20s
5 actionable tasks: 5 executed

> Components in tgm-main-core:
tgm-backend                   master-SNAPSHOT
tgm-corefacade                master-SNAPSHOT
tgm-entities                  0.0.2
tgm-ipc-api                   master-SNAPSHOT
tgm-ipc-core                  master-SNAPSHOT
tgm-logincodeprompt           0.0.1
tgm-main-core                 0.0.1
tgm-matching                  master-SNAPSHOT
tgm-monitor                   master-SNAPSHOT
tgm-notification              master-SNAPSHOT
tgm-servicelocator            0.0.1
tgm-servicelocator-instances  master-SNAPSHOT
tgm-telegram                  master-SNAPSHOT

> Copying ../tgm-main-core/build/install/tgm-main-core to ../bundle-core...

> Building Docker image weibeld/tg-monitor:core-0.0.1 in ../bundle-core...
Sending build context to Docker daemon  6.991MB
Step 1/4 : FROM weibeld/tg-monitor:base
 ---> e0c521fc96cf
Step 2/4 : WORKDIR /root
 ---> Using cache
 ---> 6e60a2b1c448
Step 3/4 : COPY tgm-main-core .
 ---> 5d5bb9026023
Step 4/4 : CMD ./bin/tgm-main-core
 ---> Running in cfd145c79703
Removing intermediate container cfd145c79703
 ---> 0530b407d879
Successfully built 0530b407d879
Successfully tagged weibeld/tg-monitor:core-0.0.1

> Pushing Docker image weibeld/tg-monitor:core-0.0.1 to Docker Hub...
The push refers to repository [docker.io/weibeld/tg-monitor]
4fb8f5d48baa: Preparing
3950338e1e6a: Preparing
73046094a9b8: Preparing
73046094a9b8: Layer already exists
4fb8f5d48baa: Pushed
3950338e1e6a: Pushed
core-0.0.1: digest: sha256:f64b38c4e6d5cfda80dbcbeaee37dc51cd89d83d56482337310c1113b107c469 size: 951

BUILD 1539806322 (Wed Oct 17 21:58:42 CEST 2018)

> Running "installDist" in ../tgm-main-core...

FAILURE: Build failed with an exception.

* Where:
Build file '/Users/dw/Desktop/tg-monitor/tgm-main-core/build.gradle' line: 64

* What went wrong:
A problem occurred evaluating root project 'tgm-main-core'.
> secrets.properties (No such file or directory)

* Try:
Run with --stacktrace option to get the stack trace. Run with --info or --debug option to get more log output. Run with --scan to get full insights.

* Get more help at https://help.gradle.org

BUILD FAILED in 1s

BUILD 1539806377 (Wed Oct 17 21:59:37 CEST 2018)

> Running "installDist" in ....
:clean

BUILD SUCCESSFUL in 1s
1 actionable task: 1 executed
:compileJava
Download https://jitpack.io/com/github/tg-monitor/tgm-ipc-core/master-SNAPSHOT/maven-metadata.xml
Download https://jitpack.io/com/github/tg-monitor/tgm-corefacade/master-SNAPSHOT/maven-metadata.xml
Download https://jitpack.io/com/github/tg-monitor/tgm-backend/master-SNAPSHOT/maven-metadata.xml
Download https://jitpack.io/com/github/tg-monitor/tgm-telegram/master-SNAPSHOT/maven-metadata.xml
Download https://jitpack.io/com/github/tg-monitor/tgm-notification/master-SNAPSHOT/maven-metadata.xml
Download https://jitpack.io/com/github/tg-monitor/tgm-monitor/master-SNAPSHOT/maven-metadata.xml
Download https://jitpack.io/com/github/tg-monitor/tgm-matching/master-SNAPSHOT/maven-metadata.xml
Download https://jitpack.io/com/github/tg-monitor/tgm-servicelocator-instances/master-SNAPSHOT/maven-metadata.xml
Download https://jitpack.io/com/github/tg-monitor/tgm-ipc-api/master-SNAPSHOT/maven-metadata.xml
:processResources
:classes
:jar
:startScripts
:installDist

BUILD SUCCESSFUL in 41s
5 actionable tasks: 5 executed

> Components in tgm-main-core:
tgm-backend                   master-SNAPSHOT
tgm-corefacade                master-SNAPSHOT
tgm-entities                  0.0.2
tgm-ipc-api                   master-SNAPSHOT
tgm-ipc-core                  master-SNAPSHOT
tgm-logincodeprompt           0.0.1
tgm-main-core                 0.0.1
tgm-matching                  master-SNAPSHOT
tgm-monitor                   master-SNAPSHOT
tgm-notification              master-SNAPSHOT
tgm-servicelocator            0.0.1
tgm-servicelocator-instances  master-SNAPSHOT
tgm-telegram                  master-SNAPSHOT

> Copying ./build/install/tgm-main-core to ../bundle-core...

> Building Docker image weibeld/tg-monitor:core-0.0.1 in ../bundle-core...
Sending build context to Docker daemon  7.026MB
Step 1/4 : FROM weibeld/tg-monitor:base
 ---> e0c521fc96cf
Step 2/4 : WORKDIR /root
 ---> Using cache
 ---> aa18ecd41326
Step 3/4 : COPY tgm-main-core .
 ---> 79e021e94b29
Step 4/4 : CMD ./bin/tgm-main-core
 ---> Running in b984604611fc
Removing intermediate container b984604611fc
 ---> 46c643ea0fce
Successfully built 46c643ea0fce
Successfully tagged weibeld/tg-monitor:core-0.0.1

> Pushing Docker image weibeld/tg-monitor:core-0.0.1 to Docker Hub...
The push refers to repository [docker.io/weibeld/tg-monitor]
2c9271b7fa2f: Preparing
3950338e1e6a: Preparing
73046094a9b8: Preparing
3950338e1e6a: Layer already exists
73046094a9b8: Layer already exists
2c9271b7fa2f: Pushed
core-0.0.1: digest: sha256:ef1a5dd9b75a974cbaff138737797c8b280993eb87befaee29aeba8bd5337fc9 size: 951
